=== ExtMem Checkpoint Test ===
Memory Size:          256.00 MB
Checkpoint Interval:  10 seconds
Total Run Time:       60 seconds

Initializing storage...
Allocating 256.00 MB of memory...
Memory allocation completed in 0.00 seconds
Writing to memory...

Progress: 0%
Progress: 100%
Memory write completed in 0.07 seconds (3479.06 MB/s)

Starting checkpoint test loop...
Performing 655 random memory accesses...

Random access of 655 pages completed in 0.00 seconds (8104038.70 pages/sec)
Performing 655 random memory accesses...

Random access of 655 pages completed in 0.00 seconds (8721489.27 pages/sec)
Performing 655 random memory accesses...

Random access of 655 pages completed in 0.00 seconds (9473341.79 pages/sec)
Performing 655 random memory accesses...

Random access of 655 pages completed in 0.00 seconds (9917939.06 pages/sec)
Performing 655 random memory accesses...

Random access of 655 pages completed in 0.00 seconds (8612128.90 pages/sec)
Performing 655 random memory accesses...

Random access of 655 pages completed in 0.00 seconds (12102507.14 pages/sec)
Performing 655 random memory accesses...

Random access of 655 pages completed in 0.00 seconds (11944648.35 pages/sec)
Performing 655 random memory accesses...

Random access of 655 pages completed in 0.00 seconds (10063256.85 pages/sec)
Performing 655 random memory accesses...

Random access of 655 pages completed in 0.00 seconds (12837706.17 pages/sec)
Performing 655 random memory accesses...

Random access of 655 pages completed in 0.00 seconds (13401312.78 pages/sec)
Performing 655 random memory accesses...

Random access of 655 pages completed in 0.00 seconds (12602151.93 pages/sec)
Performing 655 random memory accesses...

Random access of 655 pages completed in 0.00 seconds (9776758.43 pages/sec)
Performing 655 random memory accesses...

Random access of 655 pages completed in 0.00 seconds (4367677.46 pages/sec)
Performing 655 random memory accesses...

Random access of 655 pages completed in 0.00 seconds (4481678.83 pages/sec)
Performing 655 random memory accesses...

Random access of 655 pages completed in 0.00 seconds (5795926.41 pages/sec)
Performing 655 random memory accesses...

Random access of 655 pages completed in 0.00 seconds (5641209.69 pages/sec)
Performing 655 random memory accesses...

Random access of 655 pages completed in 0.00 seconds (5687927.78 pages/sec)
Performing 655 random memory accesses...

Random access of 655 pages completed in 0.00 seconds (5687927.78 pages/sec)
Performing 655 random memory accesses...

Random access of 655 pages completed in 0.00 seconds (9776758.43 pages/sec)
Performing 655 random memory accesses...

Random access of 655 pages completed in 0.00 seconds (5895427.30 pages/sec)
Performing 655 random memory accesses...

Random access of 655 pages completed in 0.00 seconds (5747424.94 pages/sec)
Performing 655 random memory accesses...

Random access of 655 pages completed in 0.00 seconds (5595252.79 pages/sec)
Performing 655 random memory accesses...

Random access of 655 pages completed in 0.00 seconds (5908105.63 pages/sec)
Performing 655 random memory accesses...

Random access of 655 pages completed in 0.00 seconds (10731520.00 pages/sec)
Performing 655 random memory accesses...

Random access of 655 pages completed in 0.00 seconds (12602151.93 pages/sec)
Performing 655 random memory accesses...

Random access of 655 pages completed in 0.00 seconds (5595252.79 pages/sec)
Performing 655 random memory accesses...

Random access of 655 pages completed in 0.00 seconds (5845253.45 pages/sec)
Performing 655 random memory accesses...

Random access of 655 pages completed in 0.00 seconds (6118639.47 pages/sec)
Performing 655 random memory accesses...

Random access of 655 pages completed in 0.00 seconds (6418853.08 pages/sec)
Performing 655 random memory accesses...

Random access of 655 pages completed in 0.00 seconds (6173638.47 pages/sec)
Performing 655 random memory accesses...

Random access of 655 pages completed in 0.00 seconds (6359419.26 pages/sec)
Performing 655 random memory accesses...

Random access of 655 pages completed in 0.00 seconds (5795926.41 pages/sec)
Performing 655 random memory accesses...

Random access of 655 pages completed in 0.00 seconds (4967936.93 pages/sec)
Performing 655 random memory accesses...

Random access of 655 pages completed in 0.00 seconds (5946469.96 pages/sec)
Performing 655 random memory accesses...

Random access of 655 pages completed in 0.00 seconds (6359419.26 pages/sec)
Performing 655 random memory accesses...

Random access of 655 pages completed in 0.00 seconds (6173638.47 pages/sec)
Performing 655 random memory accesses...

Random access of 655 pages completed in 0.00 seconds (5998404.19 pages/sec)
Performing 655 random memory accesses...

Random access of 655 pages completed in 0.00 seconds (5795926.41 pages/sec)
Performing 655 random memory accesses...

Random access of 655 pages completed in 0.00 seconds (5652817.12 pages/sec)
Performing 655 random memory accesses...

Random access of 655 pages completed in 0.00 seconds (5735426.14 pages/sec)
Performing 655 random memory accesses...

Random access of 655 pages completed in 0.00 seconds (5946469.96 pages/sec)
Performing 655 random memory accesses...

Random access of 655 pages completed in 0.00 seconds (9096917.62 pages/sec)
Performing 655 random memory accesses...

Random access of 655 pages completed in 0.00 seconds (9096917.62 pages/sec)
Performing 655 random memory accesses...

Random access of 655 pages completed in 0.00 seconds (8978003.66 pages/sec)
Performing 655 random memory accesses...

Random access of 655 pages completed in 0.00 seconds (9776758.43 pages/sec)
Performing 655 random memory accesses...

Random access of 655 pages completed in 0.00 seconds (10100254.12 pages/sec)
Performing 655 random memory accesses...

Random access of 655 pages completed in 0.00 seconds (9219023.89 pages/sec)
Performing 655 random memory accesses...

Random access of 655 pages completed in 0.00 seconds (10251004.18 pages/sec)
Performing 655 random memory accesses...

Random access of 655 pages completed in 0.00 seconds (10063256.85 pages/sec)
Performing 655 random memory accesses...

Random access of 655 pages completed in 0.00 seconds (10901861.59 pages/sec)
Performing 655 random memory accesses...

Random access of 655 pages completed in 0.00 seconds (8978003.66 pages/sec)
Performing 655 random memory accesses...

Random access of 655 pages completed in 0.00 seconds (10212896.36 pages/sec)
Performing 655 random memory accesses...

Random access of 655 pages completed in 0.00 seconds (9639540.77 pages/sec)
Performing 655 random memory accesses...

Random access of 655 pages completed in 0.00 seconds (10566419.69 pages/sec)
Performing 655 random memory accesses...

Random access of 655 pages completed in 0.00 seconds (10945295.30 pages/sec)
Performing 655 random memory accesses...

Random access of 655 pages completed in 0.00 seconds (10566419.69 pages/sec)
Performing 655 random memory accesses...

Random access of 655 pages completed in 0.00 seconds (11122547.04 pages/sec)
Performing 655 random memory accesses...

Random access of 655 pages completed in 0.00 seconds (7044279.79 pages/sec)
Performing 655 random memory accesses...

Random access of 655 pages completed in 0.00 seconds (3658147.96 pages/sec)
Performing 655 random memory accesses...

Random access of 655 pages completed in 0.00 seconds (3464399.90 pages/sec)
Performing 655 random memory accesses...

Random access of 655 pages completed in 0.00 seconds (3486382.13 pages/sec)
Performing 655 random memory accesses...

Random access of 655 pages completed in 0.00 seconds (3429799.15 pages/sec)
Performing 655 random memory accesses...

Random access of 655 pages completed in 0.00 seconds (3697535.83 pages/sec)
Performing 655 random memory accesses...

Random access of 655 pages completed in 0.00 seconds (3563254.37 pages/sec)
Performing 655 random memory accesses...

Random access of 655 pages completed in 0.00 seconds (4459852.47 pages/sec)
Performing 655 random memory accesses...

Random access of 655 pages completed in 0.00 seconds (5115957.39 pages/sec)
Performing 655 random memory accesses...

Random access of 655 pages completed in 0.00 seconds (5283209.85 pages/sec)
Performing 655 random memory accesses...

Random access of 655 pages completed in 0.00 seconds (8978003.66 pages/sec)
Performing 655 random memory accesses...

Random access of 655 pages completed in 0.00 seconds (9776758.43 pages/sec)
Performing 655 random memory accesses...

Random access of 655 pages completed in 0.00 seconds (10251004.18 pages/sec)
Performing 655 random memory accesses...

Random access of 655 pages completed in 0.00 seconds (10773604.39 pages/sec)
Performing 655 random memory accesses...

Random access of 655 pages completed in 0.00 seconds (10731520.00 pages/sec)
Performing 655 random memory accesses...

Random access of 655 pages completed in 0.00 seconds (10773604.39 pages/sec)
Performing 655 random memory accesses...

Random access of 655 pages completed in 0.00 seconds (9639540.77 pages/sec)
Performing 655 random memory accesses...

Random access of 655 pages completed in 0.00 seconds (6301075.96 pages/sec)
Performing 655 random memory accesses...

Random access of 655 pages completed in 0.00 seconds (6541116.95 pages/sec)
Performing 655 random memory accesses...

Random access of 655 pages completed in 0.00 seconds (5324164.96 pages/sec)
Performing 655 random memory accesses...

Random access of 655 pages completed in 0.00 seconds (4853832.37 pages/sec)
Performing 655 random memory accesses...

Random access of 655 pages completed in 0.00 seconds (4548458.81 pages/sec)
Performing 655 random memory accesses...

Random access of 655 pages completed in 0.00 seconds (4958969.53 pages/sec)
Performing 655 random memory accesses...

Random access of 655 pages completed in 0.00 seconds (5193325.37 pages/sec)
Performing 655 random memory accesses...

Random access of 655 pages completed in 0.00 seconds (4744851.68 pages/sec)
Performing 655 random memory accesses...

Random access of 655 pages completed in 0.00 seconds (5494538.24 pages/sec)
Performing 655 random memory accesses...

Random access of 655 pages completed in 0.00 seconds (5895427.30 pages/sec)
Performing 655 random memory accesses...

Random access of 655 pages completed in 0.00 seconds (4923421.36 pages/sec)
Performing 655 random memory accesses...

Random access of 655 pages completed in 0.00 seconds (5154351.07 pages/sec)
Performing 655 random memory accesses...

Random access of 655 pages completed in 0.00 seconds (5164039.70 pages/sec)
Performing 655 random memory accesses...

Random access of 655 pages completed in 0.00 seconds (6479408.30 pages/sec)
Performing 655 random memory accesses...

Random access of 655 pages completed in 0.00 seconds (5078131.46 pages/sec)
Performing 655 random memory accesses...

Random access of 655 pages completed in 0.00 seconds (5154351.07 pages/sec)
Performing 655 random memory accesses...

Random access of 655 pages completed in 0.00 seconds (5795926.41 pages/sec)
Performing 655 random memory accesses...

Random access of 655 pages completed in 0.00 seconds (9506121.52 pages/sec)
Performing 655 random memory accesses...

Random access of 655 pages completed in 0.00 seconds (9219023.89 pages/sec)
Performing 655 random memory accesses...

Random access of 655 pages completed in 0.00 seconds (10251004.18 pages/sec)
Performing 655 random memory accesses...

Random access of 655 pages completed in 0.00 seconds (10731520.00 pages/sec)
Performing 655 random memory accesses...

Random access of 655 pages completed in 0.00 seconds (10945295.30 pages/sec)
Performing 655 random memory accesses...

Random access of 655 pages completed in 0.00 seconds (11305634.24 pages/sec)
Performing 655 random memory accesses...

Random access of 655 pages completed in 0.00 seconds (11305634.24 pages/sec)
Performing 655 random memory accesses...

Random access of 655 pages completed in 0.00 seconds (10731520.00 pages/sec)
Performing 655 random memory accesses...

Random access of 655 pages completed in 0.00 seconds (11122547.04 pages/sec)

Creating checkpoint: cp_0
Checkpoint 'cp_0' completed in 11.438 seconds
Checkpoint completed in 11.44 seconds (22.38 MB/s)
Current swap file size: 4.00 GB
Performing 655 random memory accesses...

Random access of 655 pages completed in 0.00 seconds (4423943.83 pages/sec)

Creating checkpoint: cp_1
Checkpoint 'cp_1' completed in 20.080 seconds
Checkpoint completed in 20.08 seconds (12.75 MB/s)
Current swap file size: 4.00 GB
Performing 655 random memory accesses...

Random access of 655 pages completed in 0.00 seconds (859596.10 pages/sec)

Creating checkpoint: cp_2
Checkpoint 'cp_2' completed in 20.232 seconds
Checkpoint completed in 20.23 seconds (12.65 MB/s)
Current swap file size: 4.00 GB
Performing 655 random memory accesses...

Swap process starting...
Using swap file: /tmp/extmem_swap.bin
Swap process initialized. Waiting for requests...
Checkpoint created at /tmp/checkpoints/cp_0.bin in 11.44 seconds
Checkpoint created at /tmp/checkpoints/cp_1.bin in 20.08 seconds
Checkpoint created at /tmp/checkpoints/cp_2.bin in 20.23 seconds
Swap process shutting down...
Swap process terminated.

Random access of 655 pages completed in 0.00 seconds (903409.77 pages/sec)

=== Checkpoint Test Results ===
Total checkpoints created:  3
Average checkpoint time:    17.25 seconds
Minimum checkpoint time:    11.44 seconds
Maximum checkpoint time:    20.23 seconds
Final swap file size:       4.00 GB

Cleaning up...
Test completed successfully!
